12, 05, 2016 (22:53:55): Opening rpy file C:\Program Files (x86)\IBM\Rational\Rhapsody Modeler\7.5\Share\Properties\PredefinedTypes.sbs
12, 05, 2016 (22:53:55): 
 Started loading C:\Program Files (x86)\IBM\Rational\Rhapsody Modeler\7.5\Share\Properties\PredefinedTypes.sbs on Monday, December 05, 2016 (22:53:55).-

12, 05, 2016 (22:53:55): 

Starting inUnit resolution phase


12, 05, 2016 (22:53:55): 

Finished inUnit resolution phase


12, 05, 2016 (22:53:55): 
 Finished loading C:\Program Files (x86)\IBM\Rational\Rhapsody Modeler\7.5\Share\Properties\PredefinedTypes.sbs on Monday, December 05, 2016 (22:53:55).-

12, 05, 2016 (22:53:55): Opening rpy file C:\Program Files (x86)\IBM\Rational\Rhapsody Modeler\7.5\Share\Properties\PredefinedTypesC++.sbs
12, 05, 2016 (22:53:55): 
 Started loading C:\Program Files (x86)\IBM\Rational\Rhapsody Modeler\7.5\Share\Properties\PredefinedTypesC++.sbs on Monday, December 05, 2016 (22:53:55).-

12, 05, 2016 (22:53:55): 

Starting inUnit resolution phase


12, 05, 2016 (22:53:55): 

Finished inUnit resolution phase


12, 05, 2016 (22:53:55): 
 Finished loading C:\Program Files (x86)\IBM\Rational\Rhapsody Modeler\7.5\Share\Properties\PredefinedTypesC++.sbs on Monday, December 05, 2016 (22:53:55).-

12, 05, 2016 (22:53:55): Opening rpy file C:\Users\brand\Desktop\Marty\Marty.rpy
12, 05, 2016 (22:53:55): 
 Started loading C:\Users\brand\Desktop\Marty\Marty.rpy on Monday, December 05, 2016 (22:53:55).-

12, 05, 2016 (22:53:55): Opening rpy file C:\Users\brand\Desktop\Marty\Marty_rpy\Default.sbs
12, 05, 2016 (22:53:55): 
 Started loading C:\Users\brand\Desktop\Marty\Marty_rpy\Default.sbs on Monday, December 05, 2016 (22:53:55).-

12, 05, 2016 (22:53:55): 

Starting inUnit resolution phase


12, 05, 2016 (22:53:55): 

Finished inUnit resolution phase


12, 05, 2016 (22:53:55): 
 Finished loading C:\Users\brand\Desktop\Marty\Marty_rpy\Default.sbs on Monday, December 05, 2016 (22:53:55).-

12, 05, 2016 (22:53:55): Opening rpy file C:\Users\brand\Desktop\Marty\Marty_rpy\Marty.sbs
12, 05, 2016 (22:53:55): 
 Started loading C:\Users\brand\Desktop\Marty\Marty_rpy\Marty.sbs on Monday, December 05, 2016 (22:53:55).-

12, 05, 2016 (22:53:55): 

Starting inUnit resolution phase


12, 05, 2016 (22:53:55): 

Finished inUnit resolution phase


12, 05, 2016 (22:53:55): 
 Finished loading C:\Users\brand\Desktop\Marty\Marty_rpy\Marty.sbs on Monday, December 05, 2016 (22:53:55).-

12, 05, 2016 (22:53:55): Opening rpy file C:\Users\brand\Desktop\Marty\Marty_rpy\DefaultComponent.cmp
12, 05, 2016 (22:53:55): 
 Started loading C:\Users\brand\Desktop\Marty\Marty_rpy\DefaultComponent.cmp on Monday, December 05, 2016 (22:53:55).-

12, 05, 2016 (22:53:55): 

Starting inUnit resolution phase


12, 05, 2016 (22:53:55): 

Finished inUnit resolution phase


12, 05, 2016 (22:53:55): 
 Finished loading C:\Users\brand\Desktop\Marty\Marty_rpy\DefaultComponent.cmp on Monday, December 05, 2016 (22:53:55).-

12, 05, 2016 (22:53:55): 

Starting inUnit resolution phase


12, 05, 2016 (22:53:55): 

Finished inUnit resolution phase


12, 05, 2016 (22:53:55): 

Starting inUnit resolution phase


12, 05, 2016 (22:53:55): 

Finished inUnit resolution phase


12, 05, 2016 (22:53:55): 

Starting inUnit resolution phase


12, 05, 2016 (22:53:55): 

Finished inUnit resolution phase


12, 05, 2016 (22:53:55): 
 Finished loading C:\Users\brand\Desktop\Marty\Marty.rpy on Monday, December 05, 2016 (22:53:55).-

12, 05, 2016 (22:53:55): Starting checks of EventsBaseID conflicts
12, 05, 2016 (22:53:55): Finished checks of EventsBaseID conflicts
12, 05, 2016 (22:53:55): End Log
