12, 05, 2016 (23:14:53): Starting Pre-Save actions

12, 05, 2016 (23:14:53): Starting Dialogs Check/Save
12, 05, 2016 (23:14:53): Finished Dialogs Check/Save
12, 05, 2016 (23:14:53): Starting Controlled Files Resolution
12, 05, 2016 (23:14:53): Finished Controlled Files Resolution
12, 05, 2016 (23:14:53): Finished Pre-Save actions

12, 05, 2016 (23:14:53): Creating C:\Users\brand\Desktop\Marty\Marty.rpy
12, 05, 2016 (23:14:53): 
Started writing C:\Users\brand\Desktop\Marty\Marty.rpy on Monday, December 05, 2016 (23:14:53)

12, 05, 2016 (23:14:53): version 8.5.2
12, 05, 2016 (23:14:53): 
Started writing C:\Users\brand\Desktop\Marty\Marty_rpy\filesTable.dat on Monday, December 05, 2016 (23:14:53)

12, 05, 2016 (23:14:53): Finished writing C:\Users\brand\Desktop\Marty\Marty_rpy\filesTable.dat on Monday, December 05, 2016 (23:14:53)

12, 05, 2016 (23:14:53): Creating C:\Users\brand\Desktop\Marty\Marty_rpy\Default.sbs
12, 05, 2016 (23:14:53): 
Started writing C:\Users\brand\Desktop\Marty\Marty_rpy\Default.sbs on Monday, December 05, 2016 (23:14:53)

12, 05, 2016 (23:14:53): version 8.5.2
12, 05, 2016 (23:14:54): Finished writing C:\Users\brand\Desktop\Marty\Marty_rpy\Default.sbs on Monday, December 05, 2016 (23:14:54)

12, 05, 2016 (23:14:54): Creating C:\Users\brand\Desktop\Marty\Marty_rpy\Marty.sbs
12, 05, 2016 (23:14:54): 
Started writing C:\Users\brand\Desktop\Marty\Marty_rpy\Marty.sbs on Monday, December 05, 2016 (23:14:54)

12, 05, 2016 (23:14:54): version 8.5.2
12, 05, 2016 (23:14:54): Finished writing C:\Users\brand\Desktop\Marty\Marty_rpy\Marty.sbs on Monday, December 05, 2016 (23:14:54)

12, 05, 2016 (23:14:54): Creating C:\Users\brand\Desktop\Marty\Marty_rpy\FSM.sbs
12, 05, 2016 (23:14:54): 
Started writing C:\Users\brand\Desktop\Marty\Marty_rpy\FSM.sbs on Monday, December 05, 2016 (23:14:54)

12, 05, 2016 (23:14:54): version 8.5.2
12, 05, 2016 (23:14:54): Finished writing C:\Users\brand\Desktop\Marty\Marty_rpy\FSM.sbs on Monday, December 05, 2016 (23:14:54)

12, 05, 2016 (23:14:54): Creating C:\Users\brand\Desktop\Marty\Marty_rpy\DefaultComponent.cmp
12, 05, 2016 (23:14:54): 
Started writing C:\Users\brand\Desktop\Marty\Marty_rpy\DefaultComponent.cmp on Monday, December 05, 2016 (23:14:54)

12, 05, 2016 (23:14:54): version 8.5.2
12, 05, 2016 (23:14:54): Finished writing C:\Users\brand\Desktop\Marty\Marty_rpy\DefaultComponent.cmp on Monday, December 05, 2016 (23:14:54)

12, 05, 2016 (23:14:54): Finished writing C:\Users\brand\Desktop\Marty\Marty.rpy on Monday, December 05, 2016 (23:14:54)

12, 05, 2016 (23:14:54): End Log
